<?xml version="1.0" encoding="UTF-8"?>
<!-- Generated by org.testng.reporters.JUnitReportReporter -->
<testsuite hostname="NithishReddy" failures="0" tests="1" name="com.parealcrm.products.ContactRunningPage" time="12.528" errors="0" timestamp="2021-11-12T15:11:13 IST" skipped="0">
  <testcase classname="com.parealcrm.products.ContactRunningPage" name="ContactPage" time="12.528"/>
  <system-out/>
</testsuite> <!-- com.parealcrm.products.ContactRunningPage -->
