<?xml version="1.0" encoding="UTF-8"?>
<!-- Generated by org.testng.reporters.JUnitReportReporter -->
<testsuite hostname="NithishReddy" failures="0" tests="1" name="com.parealcrm.products.CreateProducts" time="0.010" errors="0" timestamp="2021-11-12T15:16:08 IST" skipped="0">
  <testcase classname="com.parealcrm.products.CreateProducts" name="CreateProducts" time="0.010"/>
  <system-out>
    <![CDATA[create product successfully]]>
  </system-out>
</testsuite> <!-- com.parealcrm.products.CreateProducts -->
